Info: Starting: Create block symbol file (.bsf)
Info: ip-generate --project-directory=D:/aulas/SO2/projeto_final_refactor/scheduler/qsys_component/ --output-directory=D:/aulas/SO2/projeto_final_refactor/to_fpga/ --report-file=bsf:D:/aulas/SO2/projeto_final_refactor/scheduler/qsys_component/arquitetura.bsf --system-info=DEVICE_FAMILY="Cyclone II" --system-info=DEVICE=EP2C35F672C6 --system-info=DEVICE_SPEEDGRADE=6 --component-file=D:/aulas/SO2/projeto_final_refactor/scheduler/qsys_component/arquitetura.qsys
Progress: Loading qsys_component/arquitetura.qsys
Progress: Reading input file
Progress: Adding clk_0 [clock_source 13.0]
Progress: Parameterizing module clk_0
Progress: Adding nios2_qsys_0 [altera_nios2_qsys 13.0]
Progress: Parameterizing module nios2_qsys_0
Progress: Adding onchip_memory2_0 [altera_avalon_onchip_memory2 13.0.1.99.2]
Progress: Parameterizing module onchip_memory2_0
Progress: Adding jtag_uart_0 [altera_avalon_jtag_uart 13.0.1.99.2]
Progress: Parameterizing module jtag_uart_0
Progress: Adding Scheduler_0 [Scheduler 1.2]
Progress: Parameterizing module Scheduler_0
Progress: Building connections
Progress: Parameterizing connections
Progress: Validating
Progress: Done reading input file
Info: ip-generate succeeded.
Info: Finished: Create block symbol file (.bsf)
Info: 
Info: Starting: Create HDL design files for synthesis
Info: ip-generate --project-directory=D:/aulas/SO2/projeto_final_refactor/scheduler/qsys_component/ --output-directory=D:/aulas/SO2/projeto_final_refactor/to_fpga/synthesis/ --file-set=QUARTUS_SYNTH --report-file=sopcinfo:D:/aulas/SO2/projeto_final_refactor/scheduler/qsys_component/arquitetura.sopcinfo --report-file=html:D:/aulas/SO2/projeto_final_refactor/scheduler/qsys_component/arquitetura.html --report-file=qip:D:/aulas/SO2/projeto_final_refactor/to_fpga/synthesis/arquitetura.qip --report-file=cmp:D:/aulas/SO2/projeto_final_refactor/scheduler/qsys_component/arquitetura.cmp --report-file=svd --system-info=DEVICE_FAMILY="Cyclone II" --system-info=DEVICE=EP2C35F672C6 --system-info=DEVICE_SPEEDGRADE=6 --component-file=D:/aulas/SO2/projeto_final_refactor/scheduler/qsys_component/arquitetura.qsys --language=VERILOG
Progress: Loading qsys_component/arquitetura.qsys
Progress: Reading input file
Progress: Adding clk_0 [clock_source 13.0]
Progress: Parameterizing module clk_0
Progress: Adding nios2_qsys_0 [altera_nios2_qsys 13.0]
Progress: Parameterizing module nios2_qsys_0
Progress: Adding onchip_memory2_0 [altera_avalon_onchip_memory2 13.0.1.99.2]
Progress: Parameterizing module onchip_memory2_0
Progress: Adding jtag_uart_0 [altera_avalon_jtag_uart 13.0.1.99.2]
Progress: Parameterizing module jtag_uart_0
Progress: Adding Scheduler_0 [Scheduler 1.2]
Progress: Parameterizing module Scheduler_0
Progress: Building connections
Progress: Parameterizing connections
Progress: Validating
Progress: Done reading input file
Info: arquitetura: Generating arquitetura "arquitetura" for QUARTUS_SYNTH
Info: pipeline_bridge_swap_transform: After transform: 5 modules, 19 connections
Info: No custom instruction connections, skipping transform 
Info: merlin_translator_transform: After transform: 11 modules, 42 connections
Info: merlin_domain_transform: After transform: 22 modules, 111 connections
Info: merlin_router_transform: After transform: 28 modules, 134 connections
Info: merlin_traffic_limiter_transform: After transform: 30 modules, 144 connections
Info: reset_adaptation_transform: After transform: 32 modules, 121 connections
Info: merlin_network_to_switch_transform: After transform: 43 modules, 145 connections
Info: limiter_update_transform: After transform: 43 modules, 147 connections
Info: merlin_mm_transform: After transform: 43 modules, 147 connections
Info: merlin_interrupt_mapper_transform: After transform: 44 modules, 150 connections
Warning: arquitetura: "No matching role found for rst_controller:reset_out:reset_req (reset_req)"
Warning: arquitetura: "No matching role found for rst_controller:reset_out:reset_req (reset_req)"
Warning: arquitetura: "No matching role found for rst_controller:reset_out:reset_req (reset_req)"
Warning: arquitetura: "No matching role found for rst_controller:reset_out:reset_req (reset_req)"
Warning: arquitetura: "No matching role found for rst_controller:reset_out:reset_req (reset_req)"
Warning: arquitetura: "No matching role found for rst_controller:reset_out:reset_req (reset_req)"
Warning: arquitetura: "No matching role found for rst_controller:reset_out:reset_req (reset_req)"
Warning: arquitetura: "No matching role found for rst_controller:reset_out:reset_req (reset_req)"
Warning: arquitetura: "No matching role found for rst_controller:reset_out:reset_req (reset_req)"
Warning: arquitetura: "No matching role found for rst_controller:reset_out:reset_req (reset_req)"
Warning: arquitetura: "No matching role found for rst_controller:reset_out:reset_req (reset_req)"
Warning: arquitetura: "No matching role found for rst_controller:reset_out:reset_req (reset_req)"
Warning: arquitetura: "No matching role found for rst_controller:reset_out:reset_req (reset_req)"
Warning: arquitetura: "No matching role found for rst_controller:reset_out:reset_req (reset_req)"
Warning: arquitetura: "No matching role found for rst_controller:reset_out:reset_req (reset_req)"
Warning: arquitetura: "No matching role found for rst_controller:reset_out:reset_req (reset_req)"
Warning: arquitetura: "No matching role found for rst_controller:reset_out:reset_req (reset_req)"
Warning: arquitetura: "No matching role found for rst_controller:reset_out:reset_req (reset_req)"
Warning: arquitetura: "No matching role found for rst_controller:reset_out:reset_req (reset_req)"
Warning: arquitetura: "No matching role found for rst_controller:reset_out:reset_req (reset_req)"
Warning: arquitetura: "No matching role found for rst_controller:reset_out:reset_req (reset_req)"
Warning: arquitetura: "No matching role found for rst_controller:reset_out:reset_req (reset_req)"
Warning: arquitetura: "No matching role found for rst_controller:reset_out:reset_req (reset_req)"
Warning: arquitetura: "No matching role found for rst_controller:reset_out:reset_req (reset_req)"
Warning: arquitetura: "No matching role found for rst_controller:reset_out:reset_req (reset_req)"
Warning: arquitetura: "No matching role found for rst_controller:reset_out:reset_req (reset_req)"
Warning: arquitetura: "No matching role found for rst_controller:reset_out:reset_req (reset_req)"
Warning: arquitetura: "No matching role found for rst_controller:reset_out:reset_req (reset_req)"
Warning: arquitetura: "No matching role found for rst_controller:reset_out:reset_req (reset_req)"
Warning: arquitetura: "No matching role found for rst_controller:reset_out:reset_req (reset_req)"
Warning: arquitetura: "No matching role found for rst_controller:reset_out:reset_req (reset_req)"
Warning: arquitetura: "No matching role found for rst_controller:reset_out:reset_req (reset_req)"
Warning: arquitetura: "No matching role found for rst_controller:reset_out:reset_req (reset_req)"
Info: nios2_qsys_0: Starting RTL generation for module 'arquitetura_nios2_qsys_0'
Info: nios2_qsys_0:   Generation command is [exec C:/altera/13.0sp1/quartus/../ip/altera/nios2_ip/altera_nios2/eperl.exe -I C:/altera/13.0sp1/quartus/common/ip/altera/common/perl/5.8.3 -I C:/altera/13.0sp1/quartus/sopc_builder/bin/europa -I C:/altera/13.0sp1/quartus/sopc_builder/bin/perl_lib -I C:/altera/13.0sp1/quartus/sopc_builder/bin -I C:/altera/13.0sp1/quartus/../ip/altera/nios2_ip/altera_nios2/cpu_lib -I C:/altera/13.0sp1/quartus/../ip/altera/nios2_ip/altera_nios2/nios_lib -I C:/altera/13.0sp1/quartus/../ip/altera/nios2_ip/altera_nios2 -I C:/altera/13.0sp1/quartus/../ip/altera/nios2_ip/altera_nios2 -- C:/altera/13.0sp1/quartus/../ip/altera/nios2_ip/altera_nios2/generate_rtl.epl --name=arquitetura_nios2_qsys_0 --dir=C:/Users/LUIZHE~1/AppData/Local/Temp/alt7105_8406416348758593058.dir/0002_nios2_qsys_0_gen/ --quartus_dir=C:/altera/13.0sp1/quartus --verilog --config=C:/Users/LUIZHE~1/AppData/Local/Temp/alt7105_8406416348758593058.dir/0002_nios2_qsys_0_gen//arquitetura_nios2_qsys_0_processor_configuration.pl  --do_build_sim=0    --bogus  ]
Info: nios2_qsys_0: # 2016.10.31 11:06:31 (*) Starting Nios II generation
Info: nios2_qsys_0: # 2016.10.31 11:06:31 (*)   Checking for plaintext license.
Info: nios2_qsys_0: # 2016.10.31 11:06:31 (*)   Couldn't query license setup in Quartus directory C:/altera/13.0sp1/quartus
Info: nios2_qsys_0: # 2016.10.31 11:06:31 (*)   Defaulting to contents of LM_LICENSE_FILE environment variable
Info: nios2_qsys_0: # 2016.10.31 11:06:31 (*)   LM_LICENSE_FILE environment variable is empty
Info: nios2_qsys_0: # 2016.10.31 11:06:31 (*)   Plaintext license not found.
Info: nios2_qsys_0: # 2016.10.31 11:06:31 (*)   Checking for encrypted license (non-evaluation).
Info: nios2_qsys_0: # 2016.10.31 11:06:32 (*)   Couldn't query license setup in Quartus directory C:/altera/13.0sp1/quartus
Info: nios2_qsys_0: # 2016.10.31 11:06:32 (*)   Defaulting to contents of LM_LICENSE_FILE environment variable
Info: nios2_qsys_0: # 2016.10.31 11:06:32 (*)   LM_LICENSE_FILE environment variable is empty
Info: nios2_qsys_0: # 2016.10.31 11:06:32 (*)   Encrypted license not found.  Defaulting to OCP evaluation license (produces a time-limited SOF)
Info: nios2_qsys_0: # 2016.10.31 11:06:32 (*)   Elaborating CPU configuration settings
Info: nios2_qsys_0: # 2016.10.31 11:06:32 (*)   Creating all objects for CPU
Info: nios2_qsys_0: # 2016.10.31 11:06:32 (*)     Testbench
Info: nios2_qsys_0: # 2016.10.31 11:06:32 (*)     Instruction decoding
Info: nios2_qsys_0: # 2016.10.31 11:06:32 (*)       Instruction fields
Info: nios2_qsys_0: # 2016.10.31 11:06:32 (*)       Instruction decodes
Info: nios2_qsys_0: # 2016.10.31 11:06:33 (*)       Signals for RTL simulation waveforms
Info: nios2_qsys_0: # 2016.10.31 11:06:33 (*)       Instruction controls
Info: nios2_qsys_0: # 2016.10.31 11:06:33 (*)     Pipeline frontend
Info: nios2_qsys_0: # 2016.10.31 11:06:33 (*)     Pipeline backend
Info: nios2_qsys_0: # 2016.10.31 11:06:36 (*)   Generating RTL from CPU objects
Info: nios2_qsys_0: # 2016.10.31 11:06:39 (*)   Creating encrypted RTL
Info: nios2_qsys_0: # 2016.10.31 11:06:41 (*) Done Nios II generation
Info: nios2_qsys_0: Done RTL generation for module 'arquitetura_nios2_qsys_0'
Info: nios2_qsys_0: "arquitetura" instantiated altera_nios2_qsys "nios2_qsys_0"
Info: onchip_memory2_0: Starting RTL generation for module 'arquitetura_onchip_memory2_0'
Info: onchip_memory2_0:   Generation command is [exec C:/altera/13.0sp1/quartus/bin/perl/bin/perl.exe -I C:/altera/13.0sp1/quartus/common/ip/altera/common/perl/5.8.3 -I C:/altera/13.0sp1/quartus/sopc_builder/bin/europa -I C:/altera/13.0sp1/quartus/sopc_builder/bin/perl_lib -I C:/altera/13.0sp1/quartus/sopc_builder/bin -I C:/altera/13.0sp1/quartus/../ip/altera/sopc_builder_ip/common -I C:/altera/13.0sp1/quartus/../ip/altera/sopc_builder_ip/altera_avalon_onchip_memory2 -- C:/altera/13.0sp1/quartus/../ip/altera/sopc_builder_ip/altera_avalon_onchip_memory2/generate_rtl.pl --name=arquitetura_onchip_memory2_0 --dir=C:/Users/LUIZHE~1/AppData/Local/Temp/alt7105_8406416348758593058.dir/0003_onchip_memory2_0_gen/ --quartus_dir=C:/altera/13.0sp1/quartus --verilog --config=C:/Users/LUIZHE~1/AppData/Local/Temp/alt7105_8406416348758593058.dir/0003_onchip_memory2_0_gen//arquitetura_onchip_memory2_0_component_configuration.pl  --do_build_sim=0  ]
Info: onchip_memory2_0: Done RTL generation for module 'arquitetura_onchip_memory2_0'
Info: onchip_memory2_0: "arquitetura" instantiated altera_avalon_onchip_memory2 "onchip_memory2_0"
Info: jtag_uart_0: Starting RTL generation for module 'arquitetura_jtag_uart_0'
Info: jtag_uart_0:   Generation command is [exec C:/altera/13.0sp1/quartus/bin/perl/bin/perl.exe -I C:/altera/13.0sp1/quartus/common/ip/altera/common/perl/5.8.3 -I C:/altera/13.0sp1/quartus/sopc_builder/bin/europa -I C:/altera/13.0sp1/quartus/sopc_builder/bin/perl_lib -I C:/altera/13.0sp1/quartus/sopc_builder/bin -I C:/altera/13.0sp1/quartus/../ip/altera/sopc_builder_ip/common -I C:/altera/13.0sp1/quartus/../ip/altera/sopc_builder_ip/altera_avalon_jtag_uart -- C:/altera/13.0sp1/quartus/../ip/altera/sopc_builder_ip/altera_avalon_jtag_uart/generate_rtl.pl --name=arquitetura_jtag_uart_0 --dir=C:/Users/LUIZHE~1/AppData/Local/Temp/alt7105_8406416348758593058.dir/0004_jtag_uart_0_gen/ --quartus_dir=C:/altera/13.0sp1/quartus --verilog --config=C:/Users/LUIZHE~1/AppData/Local/Temp/alt7105_8406416348758593058.dir/0004_jtag_uart_0_gen//arquitetura_jtag_uart_0_component_configuration.pl  --do_build_sim=0  ]
Info: jtag_uart_0: Done RTL generation for module 'arquitetura_jtag_uart_0'
Info: jtag_uart_0: "arquitetura" instantiated altera_avalon_jtag_uart "jtag_uart_0"
Info: Scheduler_0: "arquitetura" instantiated Scheduler "Scheduler_0"
Info: nios2_qsys_0_instruction_master_translator: "arquitetura" instantiated altera_merlin_master_translator "nios2_qsys_0_instruction_master_translator"
Info: nios2_qsys_0_jtag_debug_module_translator: "arquitetura" instantiated altera_merlin_slave_translator "nios2_qsys_0_jtag_debug_module_translator"
Info: nios2_qsys_0_instruction_master_translator_avalon_universal_master_0_agent: "arquitetura" instantiated altera_merlin_master_agent "nios2_qsys_0_instruction_master_translator_avalon_universal_master_0_agent"
Info: nios2_qsys_0_jtag_debug_module_translator_avalon_universal_slave_0_agent: "arquitetura" instantiated altera_merlin_slave_agent "nios2_qsys_0_jtag_debug_module_translator_avalon_universal_slave_0_agent"
Info: nios2_qsys_0_jtag_debug_module_translator_avalon_universal_slave_0_agent_rsp_fifo: "arquitetura" instantiated altera_avalon_sc_fifo "nios2_qsys_0_jtag_debug_module_translator_avalon_universal_slave_0_agent_rsp_fifo"
Info: addr_router: "arquitetura" instantiated altera_merlin_router "addr_router"
Info: addr_router_001: "arquitetura" instantiated altera_merlin_router "addr_router_001"
Info: id_router: "arquitetura" instantiated altera_merlin_router "id_router"
Info: id_router_002: "arquitetura" instantiated altera_merlin_router "id_router_002"
Info: limiter: "arquitetura" instantiated altera_merlin_traffic_limiter "limiter"
Info: rst_controller: "arquitetura" instantiated altera_reset_controller "rst_controller"
Info: cmd_xbar_demux: "arquitetura" instantiated altera_merlin_demultiplexer "cmd_xbar_demux"
Info: cmd_xbar_demux_001: "arquitetura" instantiated altera_merlin_demultiplexer "cmd_xbar_demux_001"
Info: cmd_xbar_mux: "arquitetura" instantiated altera_merlin_multiplexer "cmd_xbar_mux"
Info: rsp_xbar_demux: "arquitetura" instantiated altera_merlin_demultiplexer "rsp_xbar_demux"
Info: rsp_xbar_demux_002: "arquitetura" instantiated altera_merlin_demultiplexer "rsp_xbar_demux_002"
Info: rsp_xbar_mux: "arquitetura" instantiated altera_merlin_multiplexer "rsp_xbar_mux"
Info: Reusing file D:/aulas/SO2/projeto_final_refactor/to_fpga/synthesis/submodules/altera_merlin_arbitrator.sv
Info: rsp_xbar_mux_001: "arquitetura" instantiated altera_merlin_multiplexer "rsp_xbar_mux_001"
Info: Reusing file D:/aulas/SO2/projeto_final_refactor/to_fpga/synthesis/submodules/altera_merlin_arbitrator.sv
Info: irq_mapper: "arquitetura" instantiated altera_irq_mapper "irq_mapper"
Info: arquitetura: Done arquitetura" with 24 modules, 71 files, 1444735 bytes
Info: ip-generate succeeded.
Info: Finished: Create HDL design files for synthesis
