Flow report for toFPGA
Thu Dec 01 14:08:40 2016
Quartus II 64-Bit Version 13.0.1 Build 232 06/12/2013 Service Pack 1 SJ Web Edition


---------------------
; Table of Contents ;
---------------------
  1. Legal Notice
  2. Flow Summary
  3. Flow Settings
  4. Flow Non-Default Global Settings
  5. Flow Elapsed Time
  6. Flow OS Summary
  7. Flow Log
  8. Flow Messages
  9. Flow Suppressed Messages



----------------
; Legal Notice ;
----------------
Copyright (C) 1991-2013 Altera Corporation
Your use of Altera Corporation's design tools, logic functions 
and other software and tools, and its AMPP partner logic 
functions, and any output files from any of the foregoing 
(including device programming or simulation files), and any 
associated documentation or information are expressly subject 
to the terms and conditions of the Altera Program License 
Subscription Agreement, Altera MegaCore Function License 
Agreement, or other applicable license agreement, including, 
without limitation, that your use is for the sole purpose of 
programming logic devices manufactured by Altera and sold by 
Altera or its authorized distributors.  Please refer to the 
applicable agreement for further details.



+--------------------------------------------------------------------------------------+
; Flow Summary                                                                         ;
+------------------------------------+-------------------------------------------------+
; Flow Status                        ; Successful - Thu Dec 01 14:08:35 2016           ;
; Quartus II 64-Bit Version          ; 13.0.1 Build 232 06/12/2013 SP 1 SJ Web Edition ;
; Revision Name                      ; toFPGA                                          ;
; Top-level Entity Name              ; toFPGA                                          ;
; Family                             ; Cyclone II                                      ;
; Device                             ; EP2C35F672C6                                    ;
; Timing Models                      ; Final                                           ;
; Total logic elements               ; 5,064 / 33,216 ( 15 % )                         ;
;     Total combinational functions  ; 4,625 / 33,216 ( 14 % )                         ;
;     Dedicated logic registers      ; 2,914 / 33,216 ( 9 % )                          ;
; Total registers                    ; 2914                                            ;
; Total pins                         ; 14 / 475 ( 3 % )                                ;
; Total virtual pins                 ; 0                                               ;
; Total memory bits                  ; 326,464 / 483,840 ( 67 % )                      ;
; Embedded Multiplier 9-bit elements ; 4 / 70 ( 6 % )                                  ;
; Total PLLs                         ; 0 / 4 ( 0 % )                                   ;
+------------------------------------+-------------------------------------------------+


+-----------------------------------------+
; Flow Settings                           ;
+-------------------+---------------------+
; Option            ; Setting             ;
+-------------------+---------------------+
; Start date & time ; 12/01/2016 14:06:55 ;
; Main task         ; Compilation         ;
; Revision Name     ; toFPGA              ;
+-------------------+---------------------+


+----------------------------------------------------------------------------------------------------------------------------------------------------------------------------+
; Flow Non-Default Global Settings                                                                                                                                           ;
+-------------------------------------+-----------------------------------------------------------------------+---------------+---------------------------------+------------+
; Assignment Name                     ; Value                                                                 ; Default Value ; Entity Name                     ; Section Id ;
+-------------------------------------+-----------------------------------------------------------------------+---------------+---------------------------------+------------+
; COMPILER_SIGNATURE_ID               ; 622599206109.148060841304004                                          ; --            ; --                              ; --         ;
; IP_TOOL_ENV                         ; Qsys                                                                  ; --            ; altera_avalon_sc_fifo           ; --         ;
; IP_TOOL_ENV                         ; Qsys                                                                  ; --            ; altera_merlin_master_agent      ; --         ;
; IP_TOOL_ENV                         ; Qsys                                                                  ; --            ; altera_merlin_master_translator ; --         ;
; IP_TOOL_ENV                         ; Qsys                                                                  ; --            ; altera_merlin_slave_agent       ; --         ;
; IP_TOOL_ENV                         ; Qsys                                                                  ; --            ; altera_merlin_slave_translator  ; --         ;
; IP_TOOL_ENV                         ; Qsys                                                                  ; --            ; altera_merlin_traffic_limiter   ; --         ;
; IP_TOOL_ENV                         ; Qsys                                                                  ; --            ; altera_reset_controller         ; --         ;
; IP_TOOL_ENV                         ; Qsys                                                                  ; --            ; arquitetura                     ; --         ;
; IP_TOOL_ENV                         ; Qsys                                                                  ; --            ; arquitetura_addr_router         ; --         ;
; IP_TOOL_ENV                         ; Qsys                                                                  ; --            ; arquitetura_addr_router_001     ; --         ;
; IP_TOOL_ENV                         ; Qsys                                                                  ; --            ; arquitetura_cmd_xbar_demux      ; --         ;
; IP_TOOL_ENV                         ; Qsys                                                                  ; --            ; arquitetura_cmd_xbar_demux_001  ; --         ;
; IP_TOOL_ENV                         ; Qsys                                                                  ; --            ; arquitetura_cmd_xbar_mux        ; --         ;
; IP_TOOL_ENV                         ; Qsys                                                                  ; --            ; arquitetura_id_router           ; --         ;
; IP_TOOL_ENV                         ; Qsys                                                                  ; --            ; arquitetura_id_router_002       ; --         ;
; IP_TOOL_ENV                         ; Qsys                                                                  ; --            ; arquitetura_irq_mapper          ; --         ;
; IP_TOOL_ENV                         ; Qsys                                                                  ; --            ; arquitetura_jtag_uart_0         ; --         ;
; IP_TOOL_ENV                         ; Qsys                                                                  ; --            ; arquitetura_nios2_qsys_0        ; --         ;
; IP_TOOL_ENV                         ; Qsys                                                                  ; --            ; arquitetura_onchip_memory2_0    ; --         ;
; IP_TOOL_ENV                         ; Qsys                                                                  ; --            ; arquitetura_rsp_xbar_demux      ; --         ;
; IP_TOOL_ENV                         ; Qsys                                                                  ; --            ; arquitetura_rsp_xbar_demux_002  ; --         ;
; IP_TOOL_ENV                         ; Qsys                                                                  ; --            ; arquitetura_rsp_xbar_mux        ; --         ;
; IP_TOOL_ENV                         ; Qsys                                                                  ; --            ; arquitetura_rsp_xbar_mux_001    ; --         ;
; IP_TOOL_NAME                        ; altera_avalon_sc_fifo                                                 ; --            ; altera_avalon_sc_fifo           ; --         ;
; IP_TOOL_NAME                        ; altera_merlin_master_agent                                            ; --            ; altera_merlin_master_agent      ; --         ;
; IP_TOOL_NAME                        ; altera_merlin_master_translator                                       ; --            ; altera_merlin_master_translator ; --         ;
; IP_TOOL_NAME                        ; altera_merlin_slave_agent                                             ; --            ; altera_merlin_slave_agent       ; --         ;
; IP_TOOL_NAME                        ; altera_merlin_slave_translator                                        ; --            ; altera_merlin_slave_translator  ; --         ;
; IP_TOOL_NAME                        ; altera_merlin_traffic_limiter                                         ; --            ; altera_merlin_traffic_limiter   ; --         ;
; IP_TOOL_NAME                        ; altera_reset_controller                                               ; --            ; altera_reset_controller         ; --         ;
; IP_TOOL_NAME                        ; Qsys                                                                  ; --            ; arquitetura                     ; --         ;
; IP_TOOL_NAME                        ; altera_merlin_router                                                  ; --            ; arquitetura_addr_router         ; --         ;
; IP_TOOL_NAME                        ; altera_merlin_router                                                  ; --            ; arquitetura_addr_router_001     ; --         ;
; IP_TOOL_NAME                        ; altera_merlin_demultiplexer                                           ; --            ; arquitetura_cmd_xbar_demux      ; --         ;
; IP_TOOL_NAME                        ; altera_merlin_demultiplexer                                           ; --            ; arquitetura_cmd_xbar_demux_001  ; --         ;
; IP_TOOL_NAME                        ; altera_merlin_multiplexer                                             ; --            ; arquitetura_cmd_xbar_mux        ; --         ;
; IP_TOOL_NAME                        ; altera_merlin_router                                                  ; --            ; arquitetura_id_router           ; --         ;
; IP_TOOL_NAME                        ; altera_merlin_router                                                  ; --            ; arquitetura_id_router_002       ; --         ;
; IP_TOOL_NAME                        ; altera_irq_mapper                                                     ; --            ; arquitetura_irq_mapper          ; --         ;
; IP_TOOL_NAME                        ; altera_avalon_jtag_uart                                               ; --            ; arquitetura_jtag_uart_0         ; --         ;
; IP_TOOL_NAME                        ; altera_nios2_qsys                                                     ; --            ; arquitetura_nios2_qsys_0        ; --         ;
; IP_TOOL_NAME                        ; altera_avalon_onchip_memory2                                          ; --            ; arquitetura_onchip_memory2_0    ; --         ;
; IP_TOOL_NAME                        ; altera_merlin_demultiplexer                                           ; --            ; arquitetura_rsp_xbar_demux      ; --         ;
; IP_TOOL_NAME                        ; altera_merlin_demultiplexer                                           ; --            ; arquitetura_rsp_xbar_demux_002  ; --         ;
; IP_TOOL_NAME                        ; altera_merlin_multiplexer                                             ; --            ; arquitetura_rsp_xbar_mux        ; --         ;
; IP_TOOL_NAME                        ; altera_merlin_multiplexer                                             ; --            ; arquitetura_rsp_xbar_mux_001    ; --         ;
; IP_TOOL_VERSION                     ; 13.0                                                                  ; --            ; altera_avalon_sc_fifo           ; --         ;
; IP_TOOL_VERSION                     ; 13.0                                                                  ; --            ; altera_merlin_master_agent      ; --         ;
; IP_TOOL_VERSION                     ; 13.0                                                                  ; --            ; altera_merlin_master_translator ; --         ;
; IP_TOOL_VERSION                     ; 13.0                                                                  ; --            ; altera_merlin_slave_agent       ; --         ;
; IP_TOOL_VERSION                     ; 13.0                                                                  ; --            ; altera_merlin_slave_translator  ; --         ;
; IP_TOOL_VERSION                     ; 13.0                                                                  ; --            ; altera_merlin_traffic_limiter   ; --         ;
; IP_TOOL_VERSION                     ; 13.0                                                                  ; --            ; altera_reset_controller         ; --         ;
; IP_TOOL_VERSION                     ; 13.0sp1                                                               ; --            ; arquitetura                     ; --         ;
; IP_TOOL_VERSION                     ; 13.0                                                                  ; --            ; arquitetura_addr_router         ; --         ;
; IP_TOOL_VERSION                     ; 13.0                                                                  ; --            ; arquitetura_addr_router_001     ; --         ;
; IP_TOOL_VERSION                     ; 13.0                                                                  ; --            ; arquitetura_cmd_xbar_demux      ; --         ;
; IP_TOOL_VERSION                     ; 13.0                                                                  ; --            ; arquitetura_cmd_xbar_demux_001  ; --         ;
; IP_TOOL_VERSION                     ; 13.0                                                                  ; --            ; arquitetura_cmd_xbar_mux        ; --         ;
; IP_TOOL_VERSION                     ; 13.0                                                                  ; --            ; arquitetura_id_router           ; --         ;
; IP_TOOL_VERSION                     ; 13.0                                                                  ; --            ; arquitetura_id_router_002       ; --         ;
; IP_TOOL_VERSION                     ; 13.0                                                                  ; --            ; arquitetura_irq_mapper          ; --         ;
; IP_TOOL_VERSION                     ; 13.0.1.99.2                                                           ; --            ; arquitetura_jtag_uart_0         ; --         ;
; IP_TOOL_VERSION                     ; 13.0                                                                  ; --            ; arquitetura_nios2_qsys_0        ; --         ;
; IP_TOOL_VERSION                     ; 13.0.1.99.2                                                           ; --            ; arquitetura_onchip_memory2_0    ; --         ;
; IP_TOOL_VERSION                     ; 13.0                                                                  ; --            ; arquitetura_rsp_xbar_demux      ; --         ;
; IP_TOOL_VERSION                     ; 13.0                                                                  ; --            ; arquitetura_rsp_xbar_demux_002  ; --         ;
; IP_TOOL_VERSION                     ; 13.0                                                                  ; --            ; arquitetura_rsp_xbar_mux        ; --         ;
; IP_TOOL_VERSION                     ; 13.0                                                                  ; --            ; arquitetura_rsp_xbar_mux_001    ; --         ;
; MAX_CORE_JUNCTION_TEMP              ; 85                                                                    ; --            ; --                              ; --         ;
; MIN_CORE_JUNCTION_TEMP              ; 0                                                                     ; --            ; --                              ; --         ;
; MISC_FILE                           ; synthesis/../../scheduler_project/qsys_component/arquitetura.cmp      ; --            ; --                              ; --         ;
; MISC_FILE                           ; synthesis/../../scheduler_project/qsys_component/arquitetura.qsys     ; --            ; --                              ; --         ;
; PARTITION_COLOR                     ; 16764057                                                              ; --            ; --                              ; Top        ;
; PARTITION_FITTER_PRESERVATION_LEVEL ; PLACEMENT_AND_ROUTING                                                 ; --            ; --                              ; Top        ;
; PARTITION_NETLIST_TYPE              ; SOURCE                                                                ; --            ; --                              ; Top        ;
; PROJECT_OUTPUT_DIRECTORY            ; output_files                                                          ; --            ; --                              ; --         ;
; SLD_INFO                            ; QSYS_NAME arquitetura HAS_SOPCINFO 1 GENERATION_ID 1477955353         ; --            ; arquitetura                     ; --         ;
; SOPCINFO_FILE                       ; synthesis/../../scheduler_project/qsys_component/arquitetura.sopcinfo ; --            ; --                              ; --         ;
; SYNTHESIS_ONLY_QIP                  ; On                                                                    ; --            ; --                              ; --         ;
+-------------------------------------+-----------------------------------------------------------------------+---------------+---------------------------------+------------+


+-------------------------------------------------------------------------------------------------------------------------------+
; Flow Elapsed Time                                                                                                             ;
+---------------------------+--------------+-------------------------+---------------------+------------------------------------+
; Module Name               ; Elapsed Time ; Average Processors Used ; Peak Virtual Memory ; Total CPU Time (on all processors) ;
+---------------------------+--------------+-------------------------+---------------------+------------------------------------+
; Analysis & Synthesis      ; 00:00:46     ; 1.0                     ; 632 MB              ; 00:00:31                           ;
; Fitter                    ; 00:00:42     ; 1.0                     ; 748 MB              ; 00:00:32                           ;
; Assembler                 ; 00:00:04     ; 1.0                     ; 459 MB              ; 00:00:03                           ;
; TimeQuest Timing Analyzer ; 00:00:03     ; 1.0                     ; 478 MB              ; 00:00:02                           ;
; Total                     ; 00:01:35     ; --                      ; --                  ; 00:01:08                           ;
+---------------------------+--------------+-------------------------+---------------------+------------------------------------+


+----------------------------------------------------------------------------------------+
; Flow OS Summary                                                                        ;
+---------------------------+------------------+-----------+------------+----------------+
; Module Name               ; Machine Hostname ; OS Name   ; OS Version ; Processor type ;
+---------------------------+------------------+-----------+------------+----------------+
; Analysis & Synthesis      ; LuizHenrique-PC  ; Windows 7 ; 6.1        ; x86_64         ;
; Fitter                    ; LuizHenrique-PC  ; Windows 7 ; 6.1        ; x86_64         ;
; Assembler                 ; LuizHenrique-PC  ; Windows 7 ; 6.1        ; x86_64         ;
; TimeQuest Timing Analyzer ; LuizHenrique-PC  ; Windows 7 ; 6.1        ; x86_64         ;
+---------------------------+------------------+-----------+------------+----------------+


------------
; Flow Log ;
------------
quartus_map --read_settings_files=on --write_settings_files=off toFPGA -c toFPGA
quartus_fit --read_settings_files=off --write_settings_files=off toFPGA -c toFPGA
quartus_asm --read_settings_files=off --write_settings_files=off toFPGA -c toFPGA
quartus_sta toFPGA -c toFPGA



